make all --print-data-base --no-builtin-variables --no-builtin-rules --question
# GNU Make 3.81
# Copyright (C) 2006  Free Software Foundation, Inc.
# This is free software; see the source for copying conditions.
# There is NO warranty; not even for MERCHANTABILITY or FITNESS FOR A
# PARTICULAR PURPOSE.

# This program built for i386-apple-darwin11.3.0
 

# Make data base, printed on Fri Jul 14 09:57:22 2023

# Variables

# automatic
<D = $(patsubst %/,%,$(dir $<))
# automatic
?F = $(notdir $?)
# makefile (from `Makefile', line 46)
OBJ = $(patsubst %,$(OBJECTDIR)/%,$(SRCOBJS))
# environment
VSCODE_CRASH_REPORTER_PROCESS_TYPE = extensionHost
# makefile (from `Makefile', line 40)
SRC = $(wildcard $(SRC_DIR)/*.c $(SRC_DIR)/*.cpp) $(wildcard $(SRC_DIR1)/*.c $(SRC_DIR1)/*.cpp) $(wildcard $(SRC_DIR2)/*.c $(SRC_DIR2)/*.cpp) $(wildcard $(SRC_DIR3)/*.c $(SRC_DIR3)/*.cpp) $(wildcard $(SRC_DIR4)/*.c $(SRC_DIR4)/*.cpp) $(wildcard $(SRC_DIR5)/*.c $(SRC_DIR5)/*.cpp) $(wildcard $(SRC_DIR6)/*.c $(SRC_DIR6)/*.cpp) $(wildcard $(SRC_DIR7)/*.c $(SRC_DIR7)/*.cpp) $(wildcard $(SRC_DIR8)/*.c $(SRC_DIR8)/*.cpp) $(wildcard $(SRC_DIR9)/*.c $(SRC_DIR9)/*.cpp) $(wildcard $(SRC_DIR10)/*.c $(SRC_DIR10)/*.cpp)
# automatic
?D = $(patsubst %/,%,$(dir $?))
# automatic
@D = $(patsubst %/,%,$(dir $@))
# automatic
@F = $(notdir $@)
# makefile
CURDIR := /Users/yukijudai/proj-macos/Items
# makefile
SHELL = /bin/sh
# makefile (from `Makefile', line 57)
DYNC_FLAGS := -fpic -shared
# makefile (from `Makefile', line 67)
Q = 
# environment
VSCODE_NLS_CONFIG = {"locale":"zh-cn","osLocale":"zh-cn","availableLanguages":{"*":"zh-cn"},"_languagePackId":"73405bc210cb79e0045de494d8fc24af.zh-cn","_translationsConfigFile":"/Users/yukijudai/Library/Application Support/Code/clp/73405bc210cb79e0045de494d8fc24af.zh-cn/tcf.json","_cacheRoot":"/Users/yukijudai/Library/Application Support/Code/clp/73405bc210cb79e0045de494d8fc24af.zh-cn","_resolvedLanguagePackCoreLocation":"/Users/yukijudai/Library/Application Support/Code/clp/73405bc210cb79e0045de494d8fc24af.zh-cn/660393deaaa6d1996740ff4880f1bad43768c814","_corruptedFile":"/Users/yukijudai/Library/Application Support/Code/clp/73405bc210cb79e0045de494d8fc24af.zh-cn/corrupted.info","_languagePackSupport":true}
# environment
_ = /usr/bin/make
# makefile (from `Makefile', line 55)
CFLAGS := -O3 -Wall -v -g -DMACOS  -I. -I../opencv-3.4.7-mac/mpeg/include -I../opencv-3.4.7-mac/mpeg/include/opencv    --std=c++11
# makefile (from `Makefile', line 1)
MAKEFILE_LIST :=  Makefile
# makefile (from `Makefile', line 56)
CXXFLAGS := -O3 -Wall -v -g -DMACOS  -I. -I../opencv-3.4.7-mac/mpeg/include -I../opencv-3.4.7-mac/mpeg/include/opencv    --std=c++11 -DHAVE_CONFIG_H
# environment
__CFBundleIdentifier = com.microsoft.VSCode
# environment
VSCODE_CWD = /
# makefile (from `Makefile', line 68)
NQ = echo
# environment
PATH = /Users/yukijudai/anaconda3/bin:/Users/yukijudai/anaconda3/condabin:/usr/local/opt/llvm/bin:/bin:/usr/local/bin:/usr/bin:/bin:/usr/sbin:/sbin:/opt/X11/bin
# environment
LSCOLORS = Gxfxcxdxbxegedabagacad
# makefile (from `Makefile', line 58)
ARFLAGS := -cr
# makefile (from `Makefile', line 24)
AR = $(CROSS_COMPILE)ar
# environment
ELECTRON_RUN_AS_NODE = 1
# makefile (from `Makefile', line 59)
LDFLAGS :=  -L../opencv-3.4.7-mac/mpeg/lib -lopencv_core -lopencv_imgproc  -lopencv_video  -lopencv_highgui -lopencv_imgcodecs -lopencv_videoio -L../opencv-3.4.7-mac/mpeg/3rdparty/lib -lIlmImf    -llibjasper -llibjpeg-turbo     -llibtiff   -lzlib -llibpng -llibwebp -llibprotobuf -lstdc++  -L/usr/local/opt/ffmpeg@4/lib -lavcodec -lavfilter -lavformat -lavresample -lavutil -lswscale -framework IOKit -framework Foundation -framework Cocoa -framework AVFoundation -framework CoreMedia -framework CoreVideo  
# default
.FEATURES := target-specific order-only second-expansion else-if archives jobserver check-symlink
# environment
SSH_AUTH_SOCK = /private/tmp/com.apple.launchd.wle3wcjSVy/Listeners
# automatic
%F = $(notdir $%)
# environment
DISPLAY = /private/tmp/com.apple.launchd.wrK0t7czVq/org.xquartz:0
# environment
CONDA_EXE = /Users/yukijudai/anaconda3/bin/conda
# environment
PWD = /Users/yukijudai/proj-macos/Items
# environment
ORIGINAL_XDG_CURRENT_DESKTOP = undefined
# environment
VSCODE_AMD_ENTRYPOINT = vs/workbench/api/node/extensionHostProcess
# environment
HOME = /Users/yukijudai
# default
MAKEFILEPATH = $(shell /usr/bin/xcode-select -print-path 2>/dev/null || echo /Developer)/Makefiles
# makefile (from `Makefile', line 52)
DEFINES := -DMACOS 
# environment
VSCODE_CODE_CACHE_PATH = /Users/yukijudai/Library/Application Support/Code/CachedData/660393deaaa6d1996740ff4880f1bad43768c814
# environment
LOGNAME = yukijudai
# environment
APPLICATION_INSIGHTS_NO_DIAGNOSTIC_CHANNEL = 1
# environment
CONDA_PROMPT_MODIFIER = (base) 
# environment
ZSH = /Users/yukijudai/.oh-my-zsh
# environment
VSCODE_HANDLES_UNCAUGHT_ERRORS = true
# automatic
^D = $(patsubst %/,%,$(dir $^))
# environment
CONDA_DEFAULT_ENV = base
# environment
XPC_FLAGS = 0x0
# default
MAKE = $(MAKE_COMMAND)
# default
MAKECMDGOALS := all
# environment
SHLVL = 1
# makefile (from `Makefile', line 20)
CC = $(CROSS_COMPILE)gcc
# default
MAKE_VERSION := 3.81
# environment
USER = yukijudai
# makefile
.DEFAULT_GOAL := all
# makefile (from `Makefile', line 4)
INCLUDE := -I. -I../opencv-3.4.7-mac/mpeg/include -I../opencv-3.4.7-mac/mpeg/include/opencv 
# environment
LESS = -R
# automatic
%D = $(patsubst %/,%,$(dir $%))
# environment
CONDA_SHLVL = 1
# default
MAKE_COMMAND := /Library/Developer/CommandLineTools/usr/bin/make
# default
.VARIABLES := 
# environment
TMPDIR = /var/folders/m7/jkl1jhy97w53n99yz_zt50hr0000gn/T/
# automatic
*F = $(notdir $*)
# environment
VSCODE_IPC_HOOK = /Users/yukijudai/Library/Application Support/Code/1.80-main.sock
# environment
MallocNanoZone = 0
# makefile
MAKEFLAGS = Rrqp
# environment
MFLAGS = -Rrqp
# automatic
*D = $(patsubst %/,%,$(dir $*))
# environment
XPC_SERVICE_NAME = application.com.microsoft.VSCode.1128612.1128618
# automatic
+D = $(patsubst %/,%,$(dir $+))
# environment
VSCODE_L10N_BUNDLE_LOCATION = file:///Users/yukijudai/.vscode/extensions/ms-ceintl.vscode-language-pack-zh-hans-1.80.2023071209/translations/extensions/vscode.json-language-features.i18n.json
# automatic
+F = $(notdir $+)
# makefile (from `Makefile', line 1)
target = test
# makefile (from `Makefile', line 18)
CROSS_COMPILE = 
# environment
__CF_USER_TEXT_ENCODING = 0x1F5:0x19:0x34
# environment
COMMAND_MODE = unix2003
# default
MAKEFILES := 
# makefile (from `Makefile', line 27)
SRC_DIR = .
# automatic
<F = $(notdir $<)
# makefile (from `Makefile', line 23)
CXX = $(CROSS_COMPILE)clang
# environment
PAGER = less
# environment
LC_ALL = C
# environment
CONDA_PYTHON_EXE = /Users/yukijudai/anaconda3/bin/python
# makefile (from `Makefile', line 8)
LIBS := -L../opencv-3.4.7-mac/mpeg/lib -lopencv_core -lopencv_imgproc  -lopencv_video  -lopencv_highgui -lopencv_imgcodecs -lopencv_videoio -L../opencv-3.4.7-mac/mpeg/3rdparty/lib -lIlmImf    -llibjasper -llibjpeg-turbo     -llibtiff   -lzlib -llibpng -llibwebp -llibprotobuf -lstdc++  -L/usr/local/opt/ffmpeg@4/lib -lavcodec -lavfilter -lavformat -lavresample -lavutil -lswscale -framework IOKit -framework Foundation -framework Cocoa -framework AVFoundation -framework CoreMedia -framework CoreVideo 
# makefile (from `Makefile', line 44)
OBJECTDIR = obj
# automatic
^F = $(notdir $^)
# default
SUFFIXES := 
# default
.INCLUDE_DIRS = /usr/local/include
# makefile (from `Makefile', line 45)
SRCOBJS = $(patsubst %.c,%.o, $(patsubst %.cpp,%.o, $(SRC))) 
# environment
MAKELEVEL := 0
# environment
CONDA_PREFIX = /Users/yukijudai/anaconda3
# environment
VSCODE_PID = 799
# environment
LANG = C
# variable set hash-table stats:
# Load=91/1024=9%, Rehash=0, Collisions=9/177=5%

# Pattern-specific Variable Values

# No pattern-specific variable values.

# Directories

# . (device 16777220, inode 249255): 30 files, no impossibilities.
# / (device 16777220, inode 2): 21 files, no impossibilities.

# 51 files, no impossibilities in 2 directories.

# Implicit Rules

obj/%.o: %.c
#  commands to execute (from `Makefile', line 91):
	@[ ! -d $(dir $@) ] & mkdir -p $(dir $@)
	@$(NQ) "Compiling: " $(addsuffix .c, $(basename $(notdir $@)))
	$(Q)$(CC) $(CFLAGS) -c $< -o $@
	

obj/%.o: %.cpp
#  commands to execute (from `Makefile', line 96):
	@[ ! -d $(dir $@) ] & mkdir -p $(dir $@)
	@$(NQ) "Compiling: " $(addsuffix .cpp, $(basename $(notdir $@)))
	$(Q)$(CXX) $(CFLAGS) -c $< -o $@
	

# 2 implicit rules, 0 (0.0%) terminal.

# Files

# Not a target:
 
ViedoCapture.cpp:
#  Implicit rule search has been done.
#  Last modified 2023-07-12 13:53:07
#  File has been updated.
#  Successfully updated.
# variable set hash-table stats:
# Load=0/32=0%, Rehash=0, Collisions=0/0=0%

# Not a target:
colorSegmentation.cpp:
#  Implicit rule search has been done.
#  Last modified 2023-07-11 14:30:51
#  File has been updated.
#  Successfully updated.
# variable set hash-table stats:
# Load=0/32=0%, Rehash=0, Collisions=0/0=0%

all: test
#  Phony target (prerequisite of .PHONY).
#  Command-line target.
#  Implicit rule search has not been done.
#  File does not exist.
#  File has been updated.
#  Successfully updated.
# variable set hash-table stats:
# Load=0/32=0%, Rehash=0, Collisions=0/0=0%

.PHONY: all clean
#  Implicit rule search has not been done.
#  Modification time never checked.
#  File has not been updated.

obj/./dataTypes.o: dataTypes.cpp
#  Implicit rule search has been done.
#  Implicit/static pattern stem: `./dataTypes'
#  Last modified 2023-07-13 18:58:05
#  File has been updated.
#  Successfully updated.
# variable set hash-table stats:
# Load=0/32=0%, Rehash=0, Collisions=0/0=0%
#  commands to execute (from `Makefile', line 96):
	@[ ! -d $(dir $@) ] & mkdir -p $(dir $@)
	@$(NQ) "Compiling: " $(addsuffix .cpp, $(basename $(notdir $@)))
	$(Q)$(CXX) $(CFLAGS) -c $< -o $@
	

# Not a target:
ContoursTest.cpp:
#  Implicit rule search has been done.
#  Last modified 2023-07-13 19:15:33
#  File has been updated.
#  Successfully updated.
# variable set hash-table stats:
# Load=0/32=0%, Rehash=0, Collisions=0/0=0%

obj/./main.o: main.cpp
#  Implicit rule search has been done.
#  Implicit/static pattern stem: `./main'
#  Last modified 2023-07-13 19:05:30
#  File has been updated.
#  Successfully updated.
# variable set hash-table stats:
# Load=0/32=0%, Rehash=0, Collisions=0/0=0%
#  commands to execute (from `Makefile', line 96):
	@[ ! -d $(dir $@) ] & mkdir -p $(dir $@)
	@$(NQ) "Compiling: " $(addsuffix .cpp, $(basename $(notdir $@)))
	$(Q)$(CXX) $(CFLAGS) -c $< -o $@
	

# Not a target:
.SUFFIXES:
#  Implicit rule search has not been done.
#  Modification time never checked.
#  File has not been updated.

# Not a target:
Makefile:
#  Implicit rule search has been done.
#  Last modified 2023-07-05 18:42:08
#  File has been updated.
#  Successfully updated.
# variable set hash-table stats:
# Load=0/32=0%, Rehash=0, Collisions=0/0=0%

obj/./colorSegmentation.o: colorSegmentation.cpp
#  Implicit rule search has been done.
#  Implicit/static pattern stem: `./colorSegmentation'
#  Last modified 2023-07-13 18:58:03
#  File has been updated.
#  Successfully updated.
# variable set hash-table stats:
# Load=0/32=0%, Rehash=0, Collisions=0/0=0%
#  commands to execute (from `Makefile', line 96):
	@[ ! -d $(dir $@) ] & mkdir -p $(dir $@)
	@$(NQ) "Compiling: " $(addsuffix .cpp, $(basename $(notdir $@)))
	$(Q)$(CXX) $(CFLAGS) -c $< -o $@
	

test: obj/./ContoursTest.o obj/./ImageTransformation.o obj/./ViedoCapture.o obj/./colorDetect.o obj/./colorSegmentation.o obj/./dataTypes.o obj/./detect.o obj/./main.o obj/./morphology.o obj/./touchbar.o
#  Implicit rule search has not been done.
#  Last modified 2023-07-13 19:15:36
#  File has been updated.
#  Successfully updated.
# variable set hash-table stats:
# Load=0/32=0%, Rehash=0, Collisions=0/0=0%
#  commands to execute (from `Makefile', line 85):
	@$(NQ) "Generating executable file..." $(notdir $(target))
	$(Q)$(CXX) $(CFLAGS) $^ -o $(target) $(LDFLAGS)
	

# Not a target:
detect.cpp:
#  Implicit rule search has been done.
#  Last modified 2023-07-10 17:32:18
#  File has been updated.
#  Successfully updated.
# variable set hash-table stats:
# Load=0/32=0%, Rehash=0, Collisions=0/0=0%

obj/./touchbar.o: touchbar.cpp
#  Implicit rule search has been done.
#  Implicit/static pattern stem: `./touchbar'
#  Last modified 2023-07-13 18:58:11
#  File has been updated.
#  Successfully updated.
# variable set hash-table stats:
# Load=0/32=0%, Rehash=0, Collisions=0/0=0%
#  commands to execute (from `Makefile', line 96):
	@[ ! -d $(dir $@) ] & mkdir -p $(dir $@)
	@$(NQ) "Compiling: " $(addsuffix .cpp, $(basename $(notdir $@)))
	$(Q)$(CXX) $(CFLAGS) -c $< -o $@
	

# Not a target:
main.cpp:
#  Implicit rule search has been done.
#  Last modified 2023-07-13 19:05:27
#  File has been updated.
#  Successfully updated.
# variable set hash-table stats:
# Load=0/32=0%, Rehash=0, Collisions=0/0=0%

obj/./ContoursTest.o: ContoursTest.cpp
#  Implicit rule search has been done.
#  Implicit/static pattern stem: `./ContoursTest'
#  Last modified 2023-07-13 19:15:36
#  File has been updated.
#  Successfully updated.
# variable set hash-table stats:
# Load=0/32=0%, Rehash=0, Collisions=0/0=0%
#  commands to execute (from `Makefile', line 96):
	@[ ! -d $(dir $@) ] & mkdir -p $(dir $@)
	@$(NQ) "Compiling: " $(addsuffix .cpp, $(basename $(notdir $@)))
	$(Q)$(CXX) $(CFLAGS) -c $< -o $@
	

obj/./morphology.o: morphology.cpp
#  Implicit rule search has been done.
#  Implicit/static pattern stem: `./morphology'
#  Last modified 2023-07-13 18:58:09
#  File has been updated.
#  Successfully updated.
# variable set hash-table stats:
# Load=0/32=0%, Rehash=0, Collisions=0/0=0%
#  commands to execute (from `Makefile', line 96):
	@[ ! -d $(dir $@) ] & mkdir -p $(dir $@)
	@$(NQ) "Compiling: " $(addsuffix .cpp, $(basename $(notdir $@)))
	$(Q)$(CXX) $(CFLAGS) -c $< -o $@
	

# Not a target:
dataTypes.cpp:
#  Implicit rule search has been done.
#  Last modified 2023-07-13 18:26:13
#  File has been updated.
#  Successfully updated.
# variable set hash-table stats:
# Load=0/32=0%, Rehash=0, Collisions=0/0=0%

# Not a target:
colorDetect.cpp:
#  Implicit rule search has been done.
#  Last modified 2023-07-05 18:42:35
#  File has been updated.
#  Successfully updated.
# variable set hash-table stats:
# Load=0/32=0%, Rehash=0, Collisions=0/0=0%

# Not a target:
ImageTransformation.cpp:
#  Implicit rule search has been done.
#  Last modified 2023-07-11 18:51:21
#  File has been updated.
#  Successfully updated.
# variable set hash-table stats:
# Load=0/32=0%, Rehash=0, Collisions=0/0=0%

# Not a target:
.DEFAULT:
#  Implicit rule search has not been done.
#  Modification time never checked.
#  File has not been updated.

# Not a target:
morphology.cpp:
#  Implicit rule search has been done.
#  Last modified 2023-07-10 15:13:02
#  File has been updated.
#  Successfully updated.
# variable set hash-table stats:
# Load=0/32=0%, Rehash=0, Collisions=0/0=0%

clean:
#  Phony target (prerequisite of .PHONY).
#  Implicit rule search has not been done.
#  File does not exist.
#  File has not been updated.
#  commands to execute (from `Makefile', line 101):
	@$(NQ) "Cleaning..."
	$(Q)$(RM) $(target)
	@find . -iname '*.o' -o -iname '*.bak' -o -iname '*.d' | xargs rm -f
	

# Not a target:
touchbar.cpp:
#  Implicit rule search has been done.
#  Last modified 2023-07-10 15:13:05
#  File has been updated.
#  Successfully updated.
# variable set hash-table stats:
# Load=0/32=0%, Rehash=0, Collisions=0/0=0%

obj/./colorDetect.o: colorDetect.cpp
#  Implicit rule search has been done.
#  Implicit/static pattern stem: `./colorDetect'
#  Last modified 2023-07-13 18:58:02
#  File has been updated.
#  Successfully updated.
# variable set hash-table stats:
# Load=0/32=0%, Rehash=0, Collisions=0/0=0%
#  commands to execute (from `Makefile', line 96):
	@[ ! -d $(dir $@) ] & mkdir -p $(dir $@)
	@$(NQ) "Compiling: " $(addsuffix .cpp, $(basename $(notdir $@)))
	$(Q)$(CXX) $(CFLAGS) -c $< -o $@
	

obj/./ViedoCapture.o: ViedoCapture.cpp
#  Implicit rule search has been done.
#  Implicit/static pattern stem: `./ViedoCapture'
#  Last modified 2023-07-13 18:58:00
#  File has been updated.
#  Successfully updated.
# variable set hash-table stats:
# Load=0/32=0%, Rehash=0, Collisions=0/0=0%
#  commands to execute (from `Makefile', line 96):
	@[ ! -d $(dir $@) ] & mkdir -p $(dir $@)
	@$(NQ) "Compiling: " $(addsuffix .cpp, $(basename $(notdir $@)))
	$(Q)$(CXX) $(CFLAGS) -c $< -o $@
	

obj/./ImageTransformation.o: ImageTransformation.cpp
#  Implicit rule search has been done.
#  Implicit/static pattern stem: `./ImageTransformation'
 
#  Last modified 2023-07-13 18:57:58
#  File has been updated.
#  Successfully updated.
# variable set hash-table stats:
# Load=0/32=0%, Rehash=0, Collisions=0/0=0%
#  commands to execute (from `Makefile', line 96):
	@[ ! -d $(dir $@) ] & mkdir -p $(dir $@)
	@$(NQ) "Compiling: " $(addsuffix .cpp, $(basename $(notdir $@)))
	$(Q)$(CXX) $(CFLAGS) -c $< -o $@
	

obj/./detect.o: detect.cpp
#  Implicit rule search has been done.
#  Implicit/static pattern stem: `./detect'
#  Last modified 2023-07-13 18:58:07
#  File has been updated.
#  Successfully updated.
# variable set hash-table stats:
# Load=0/32=0%, Rehash=0, Collisions=0/0=0%
#  commands to execute (from `Makefile', line 96):
	@[ ! -d $(dir $@) ] & mkdir -p $(dir $@)
	@$(NQ) "Compiling: " $(addsuffix .cpp, $(basename $(notdir $@)))
	$(Q)$(CXX) $(CFLAGS) -c $< -o $@
	

# files hash-table stats:
# Load=27/1024=3%, Rehash=0, Collisions=0/93=0%
# VPATH Search Paths

# No `vpath' search paths.

# No general (`VPATH' variable) search path.

# # of strings in strcache: 1
# # of strcache buffers: 1
# strcache size: total = 4096 / max = 4096 / min = 4096 / avg = 4096
# strcache free: total = 4087 / max = 4087 / min = 4087 / avg = 4087

# Finished Make data base on Fri Jul 14 09:57:22 2023

 
